        -:    0:Source:1_max4.c
        -:    0:Graph:1_max4.gcno
        -:    0:Data:1_max4.gcda
        -:    0:Runs:1
        -:    0:Programs:1
        -:    1://This is just a simple example on which we should try to think about all the test examples and observe the results for them 
        -:    2:#include <stdio.h>
        -:    3:
        1:    4:int main( void )
        -:    5:{   
        -:    6:    int a, b, c, d;
        -:    7:    int largest, smallest;
        -:    8:
        1:    9:    printf( "Enter four integers (separate them with spaces): " );
        1:   10:    scanf( "%d %d %d %d", &a, &b, &c, &d );
        -:   11:
        1:   12:    largest = smallest = a;
        -:   13:
        1:   14:    if ( largest < b ){
        1:   15:        largest = b;
        -:   16:    }
    #####:   17:    else if ( b < smallest ){
    #####:   18:        smallest = b;
        -:   19:    }
        1:   20:    if ( largest < c ){
        1:   21:        largest = c;
        -:   22:    }
    #####:   23:    else if ( c < smallest ){
    #####:   24:        smallest = c;
        -:   25:    }
        1:   26:    if ( largest < d ){
        1:   27:        largest = d;
        -:   28:    }
    #####:   29:    else if ( d < smallest ){
    #####:   30:        smallest = d;
        -:   31:    }
        -:   32:
        1:   33:    printf( "\nLargest: %d\n", largest );
        1:   34:    printf( "Smallest: %d", smallest );
        -:   35:
        1:   36:    return 0;
        -:   37:}
